<?xml version="1.0" encoding="UTF-8"?>
<!-- Generated by org.testng.reporters.JUnitXMLReporter -->
<testsuite ignored="0" hostname="LAPTOP-9DE34CT0" failures="0" tests="3" name="Default test" time="273.803" errors="0" timestamp="2026-02-10T22:30:19 IST">
  <testcase classname="com.comcast.crm.ContactTest.CreateContactTest" name="createContactTest" time="74.785"/>
  <testcase classname="com.comcast.crm.ContactTest.CreateContactTest" name="createContactWithOrgTest" time="78.667"/>
  <testcase classname="com.comcast.crm.ContactTest.CreateContactTest" name="createContactWithStartAndEndDateTest" time="76.095"/>
</testsuite> <!-- Default test -->
