<?xml version="1.0" encoding="UTF-8"?>
<testng-results ignored="0" total="3" passed="3" failed="0" skipped="0">
  <reporter-output>
  </reporter-output>
  <suite started-at="2026-02-10T22:25:46 IST" name="Default suite" finished-at="2026-02-10T22:30:19 IST" duration-ms="273803">
    <groups>
      <group name="regressionTest">
        <method signature="CreateContactTest.createContactWithOrgTest()[pri:0, instance:com.comcast.crm.ContactTest.CreateContactTest@22ff4249]" name="createContactWithOrgTest" class="com.comcast.crm.ContactTest.CreateContactTest"/>
        <method signature="CreateContactTest.createContactWithStartAndEndDateTest()[pri:0, instance:com.comcast.crm.ContactTest.CreateContactTest@22ff4249]" name="createContactWithStartAndEndDateTest" class="com.comcast.crm.ContactTest.CreateContactTest"/>
      </group> <!-- regressionTest -->
      <group name="integrationTest">
        <method signature="CreateContactTest.createContactWithOrgTest()[pri:0, instance:com.comcast.crm.ContactTest.CreateContactTest@22ff4249]" name="createContactWithOrgTest" class="com.comcast.crm.ContactTest.CreateContactTest"/>
      </group> <!-- integrationTest -->
      <group name="smokeTest">
        <method signature="CreateContactTest.createContactTest()[pri:0, instance:com.comcast.crm.ContactTest.CreateContactTest@22ff4249]" name="createContactTest" class="com.comcast.crm.ContactTest.CreateContactTest"/>
        <method signature="CreateContactTest.createContactWithOrgTest()[pri:0, instance:com.comcast.crm.ContactTest.CreateContactTest@22ff4249]" name="createContactWithOrgTest" class="com.comcast.crm.ContactTest.CreateContactTest"/>
        <method signature="CreateContactTest.createContactWithStartAndEndDateTest()[pri:0, instance:com.comcast.crm.ContactTest.CreateContactTest@22ff4249]" name="createContactWithStartAndEndDateTest" class="com.comcast.crm.ContactTest.CreateContactTest"/>
      </group> <!-- smokeTest -->
    </groups>
    <test started-at="2026-02-10T22:25:46 IST" name="Default test" finished-at="2026-02-10T22:30:19 IST" duration-ms="273803">
      <class name="com.comcast.crm.ContactTest.CreateContactTest">
        <test-method is-config="true" signature="beforeSuit()[pri:0, instance:com.comcast.crm.ContactTest.CreateContactTest@22ff4249]" started-at="2026-02-10T22:25:44 IST" name="beforeSuit" finished-at="2026-02-10T22:25:46 IST" duration-ms="1612" status="PASS">
          <reporter-output>
          </reporter-output>
        </test-method> <!-- beforeSuit -->
        <test-method is-config="true" signature="beforeClass()[pri:0, instance:com.comcast.crm.ContactTest.CreateContactTest@22ff4249]" started-at="2026-02-10T22:25:46 IST" name="beforeClass" finished-at="2026-02-10T22:26:20 IST" duration-ms="34506" status="PASS">
          <reporter-output>
          </reporter-output>
        </test-method> <!-- beforeClass -->
        <test-method is-config="true" signature="beforeMethod()[pri:0, instance:com.comcast.crm.ContactTest.CreateContactTest@22ff4249]" started-at="2026-02-10T22:26:20 IST" name="beforeMethod" finished-at="2026-02-10T22:26:22 IST" duration-ms="1537" status="PASS">
          <reporter-output>
          </reporter-output>
        </test-method> <!-- beforeMethod -->
        <test-method signature="createContactTest()[pri:0, instance:com.comcast.crm.ContactTest.CreateContactTest@22ff4249]" started-at="2026-02-10T22:26:22 IST" name="createContactTest" finished-at="2026-02-10T22:27:37 IST" duration-ms="74785" status="PASS">
          <reporter-output>
          </reporter-output>
        </test-method> <!-- createContactTest -->
        <test-method is-config="true" signature="afterMethod()[pri:0, instance:com.comcast.crm.ContactTest.CreateContactTest@22ff4249]" started-at="2026-02-10T22:27:37 IST" name="afterMethod" finished-at="2026-02-10T22:27:39 IST" duration-ms="1936" status="PASS">
          <reporter-output>
          </reporter-output>
        </test-method> <!-- afterMethod -->
        <test-method is-config="true" signature="beforeMethod()[pri:0, instance:com.comcast.crm.ContactTest.CreateContactTest@22ff4249]" started-at="2026-02-10T22:27:39 IST" name="beforeMethod" finished-at="2026-02-10T22:27:39 IST" duration-ms="800" status="PASS">
          <reporter-output>
          </reporter-output>
        </test-method> <!-- beforeMethod -->
        <test-method signature="createContactWithOrgTest()[pri:0, instance:com.comcast.crm.ContactTest.CreateContactTest@22ff4249]" started-at="2026-02-10T22:27:39 IST" name="createContactWithOrgTest" finished-at="2026-02-10T22:28:58 IST" duration-ms="78667" status="PASS">
          <reporter-output>
          </reporter-output>
        </test-method> <!-- createContactWithOrgTest -->
        <test-method is-config="true" signature="afterMethod()[pri:0, instance:com.comcast.crm.ContactTest.CreateContactTest@22ff4249]" started-at="2026-02-10T22:28:58 IST" name="afterMethod" finished-at="2026-02-10T22:28:59 IST" duration-ms="1012" status="PASS">
          <reporter-output>
          </reporter-output>
        </test-method> <!-- afterMethod -->
        <test-method is-config="true" signature="beforeMethod()[pri:0, instance:com.comcast.crm.ContactTest.CreateContactTest@22ff4249]" started-at="2026-02-10T22:28:59 IST" name="beforeMethod" finished-at="2026-02-10T22:29:01 IST" duration-ms="2223" status="PASS">
          <reporter-output>
          </reporter-output>
        </test-method> <!-- beforeMethod -->
        <test-method signature="createContactWithStartAndEndDateTest()[pri:0, instance:com.comcast.crm.ContactTest.CreateContactTest@22ff4249]" started-at="2026-02-10T22:29:01 IST" name="createContactWithStartAndEndDateTest" finished-at="2026-02-10T22:30:17 IST" duration-ms="76095" status="PASS">
          <reporter-output>
          </reporter-output>
        </test-method> <!-- createContactWithStartAndEndDateTest -->
        <test-method is-config="true" signature="afterMethod()[pri:0, instance:com.comcast.crm.ContactTest.CreateContactTest@22ff4249]" started-at="2026-02-10T22:30:17 IST" name="afterMethod" finished-at="2026-02-10T22:30:18 IST" duration-ms="1038" status="PASS">
          <reporter-output>
          </reporter-output>
        </test-method> <!-- afterMethod -->
        <test-method is-config="true" signature="afterClass()[pri:0, instance:com.comcast.crm.ContactTest.CreateContactTest@22ff4249]" started-at="2026-02-10T22:30:18 IST" name="afterClass" finished-at="2026-02-10T22:30:19 IST" duration-ms="992" status="PASS">
          <reporter-output>
          </reporter-output>
        </test-method> <!-- afterClass -->
        <test-method is-config="true" signature="afterSuit()[pri:0, instance:com.comcast.crm.ContactTest.CreateContactTest@22ff4249]" started-at="2026-02-10T22:30:20 IST" name="afterSuit" finished-at="2026-02-10T22:30:20 IST" duration-ms="64" status="PASS">
          <reporter-output>
          </reporter-output>
        </test-method> <!-- afterSuit -->
      </class> <!-- com.comcast.crm.ContactTest.CreateContactTest -->
    </test> <!-- Default test -->
  </suite> <!-- Default suite -->
</testng-results>
