<?xml version="1.0" encoding="UTF-8"?>
<!-- Generated by org.testng.reporters.JUnitXMLReporter -->
<testsuite ignored="2" hostname="LAPTOP-9DE34CT0" failures="2" tests="2" name="Test" time="57.056" errors="0" timestamp="2026-02-09T16:40:37 IST">
  <testcase classname="com.comcast.crmOrganizationTest.CreateOrganizationTest" name="CreateOrgWithPhoneNumber" time="0.008">
    <failure type="java.lang.NullPointerException" message="Cannot invoke &amp;quot;com.aventstack.extentreports.ExtentTest.log(com.aventstack.extentreports.Status, String)&amp;quot; because the return value of &amp;quot;com.comcust.crm.configannotationsutility.UtilityClassObject.getTest()&amp;quot; is null">
      <![CDATA[java.lang.NullPointerException: Cannot invoke "com.aventstack.extentreports.ExtentTest.log(com.aventstack.extentreports.Status, String)" because the return value of "com.comcust.crm.configannotationsutility.UtilityClassObject.getTest()" is null
at com.comcust.crm.configannotationsutility.ListenerImplementatioon.onTestStart(ListenerImplementatioon.java:48)
at java.base/java.util.ArrayList.forEach(ArrayList.java:1596)
... Removed 24 stack frames]]>
    </failure>
  </testcase> <!-- CreateOrgWithPhoneNumber -->
  <testcase classname="com.comcast.crmOrganizationTest.CreateOrganizationTest" name="CreateOrgWithPhoneNumber" time="50.766">
    <failure type="java.lang.NullPointerException" message="Cannot invoke &amp;quot;com.aventstack.extentreports.ExtentTest.log(com.aventstack.extentreports.Status, String)&amp;quot; because the return value of &amp;quot;com.comcust.crm.configannotationsutility.UtilityClassObject.getTest()&amp;quot; is null">
      <![CDATA[java.lang.NullPointerException: Cannot invoke "com.aventstack.extentreports.ExtentTest.log(com.aventstack.extentreports.Status, String)" because the return value of "com.comcust.crm.configannotationsutility.UtilityClassObject.getTest()" is null
at com.comcust.crm.configannotationsutility.ListenerImplementatioon.onTestFailure(ListenerImplementatioon.java:64)
at java.base/java.util.ArrayList.forEach(ArrayList.java:1596)
... Removed 24 stack frames]]>
    </failure>
  </testcase> <!-- CreateOrgWithPhoneNumber -->
  <testcase classname="com.comcust.crm.configannotationsutility.BaseClass" name="@AfterSuite afterSuit" time="0.0">
    <ignored/>
  </testcase> <!-- @AfterSuite afterSuit -->
  <testcase classname="com.comcust.crm.configannotationsutility.BaseClass" name="@BeforeSuite beforeSuit" time="0.0">
    <ignored/>
  </testcase> <!-- @BeforeSuite beforeSuit -->
</testsuite> <!-- Test -->
