<?xml version="1.0" encoding="UTF-8"?>
<!-- Generated by org.testng.reporters.JUnitReportReporter -->
<testsuite hostname="LAPTOP-9DE34CT0" failures="0" tests="3" name="com.comcast.crmOrganizationTest.CreateOrganizationTest" time="235.070" errors="0" timestamp="2026-02-05T11:37:30 IST" skipped="0">
  <testcase classname="com.comcast.crmOrganizationTest.CreateOrganizationTest" name="CreateOrgWithPhoneNumber" time="78.885"/>
  <testcase classname="com.comcast.crmOrganizationTest.CreateOrganizationTest" name="CreateOrganizationTest" time="75.368"/>
  <testcase classname="com.comcast.crmOrganizationTest.CreateOrganizationTest" name="organizationWithType" time="80.817"/>
</testsuite> <!-- com.comcast.crmOrganizationTest.CreateOrganizationTest -->
