<?xml version="1.0" encoding="UTF-8"?>
<!-- Generated by org.testng.reporters.JUnitReportReporter -->
<testsuite hostname="LAPTOP-9DE34CT0" failures="0" tests="3" name="com.comcast.crm.ContactTest.CreateContactTest" time="238.093" errors="0" timestamp="2026-02-10T22:30:21 IST" skipped="0">
  <testcase classname="com.comcast.crm.ContactTest.CreateContactTest" name="createContactTest" time="78.258"/>
  <testcase classname="com.comcast.crm.ContactTest.CreateContactTest" name="createContactWithStartAndEndDateTest" time="77.907"/>
  <testcase classname="com.comcast.crm.ContactTest.CreateContactTest" name="createContactWithOrgTest" time="81.928"/>
</testsuite> <!-- com.comcast.crm.ContactTest.CreateContactTest -->
